<?xml version="1.0" encoding="UTF-8"?>
<!-- Generated by org.testng.reporters.JUnitXMLReporter -->
<testsuite ignored="0" hostname="LAPTOP-C67KOGUS" failures="0" tests="7" name="Default test" time="11.754" errors="0" timestamp="2023-10-08T22:47:16 IST">
  <testcase classname="com.qa.TestScripts.TC_LoginPage" name="enterUsernameAndPassword" time="1.731"/>
  <testcase classname="com.qa.TestScripts.TC_LoginPage" name="enterUsernameAndPassword" time="0.713"/>
  <testcase classname="com.qa.TestScripts.TC_LoginPage" name="enterUsernameAndPassword" time="0.994"/>
  <testcase classname="com.qa.TestScripts.TC_LoginPage" name="enterUsernameAndPassword" time="0.982"/>
  <testcase classname="com.qa.TestScripts.TC_LoginPage" name="enterUsernameAndPassword" time="0.906"/>
  <testcase classname="com.qa.TestScripts.TC_LoginPage" name="verifyTitle" time="0.049"/>
  <testcase classname="com.qa.TestScripts.TC_LoginPage" name="verifyErrorMessage" time="0.081"/>
</testsuite> <!-- Default test -->
