<?xml version="1.0" encoding="UTF-8"?>
<!-- Generated by org.testng.reporters.JUnitXMLReporter -->
<testsuite ignored="2" hostname="LAPTOP-C67KOGUS" failures="0" tests="7" name="Test" time="7.232" errors="0" timestamp="2023-10-08T22:53:15 IST">
  <testcase classname="com.qa.TestScripts.TC_LoginPage" name="enterUsernameAndPassword" time="0.714"/>
  <testcase classname="com.qa.TestScripts.TC_LoginPage" name="enterUsernameAndPassword" time="0.532"/>
  <testcase classname="com.qa.TestScripts.TC_LoginPage" name="enterUsernameAndPassword" time="0.231"/>
  <testcase classname="com.qa.TestScripts.TC_LoginPage" name="enterUsernameAndPassword" time="0.245"/>
  <testcase classname="com.qa.TestScripts.TC_LoginPage" name="enterUsernameAndPassword" time="0.244"/>
  <testcase classname="com.qa.TestScripts.TC_LoginPage" name="verifyTitle" time="0.014"/>
  <testcase classname="com.qa.TestScripts.TC_LoginPage" name="verifyErrorMessage" time="0.028"/>
  <testcase classname="com.qa.TestScripts.BaseClass" name="@BeforeTest iAmonLoginPage" time="0.0">
    <ignored/>
  </testcase> <!-- @BeforeTest iAmonLoginPage -->
  <testcase classname="com.qa.TestScripts.BaseClass" name="@AfterTest tearDown" time="0.0">
    <ignored/>
  </testcase> <!-- @AfterTest tearDown -->
</testsuite> <!-- Test -->
