<?xml version="1.0" encoding="UTF-8"?>
<testng-results ignored="2" total="9" passed="7" failed="0" skipped="0">
  <reporter-output>
  </reporter-output>
  <suite started-at="2023-10-08T22:53:08 IST" name="Suite" finished-at="2023-10-08T22:53:15 IST" duration-ms="7232">
    <groups>
    </groups>
    <test started-at="2023-10-08T22:53:08 IST" name="Test" finished-at="2023-10-08T22:53:15 IST" duration-ms="7232">
      <class name="com.qa.TestScripts.TC_LoginPage">
        <test-method signature="enterUsernameAndPassword(java.lang.String,java.lang.String)[pri:0, instance:com.qa.TestScripts.TC_LoginPage@5656be13]" started-at="2023-10-08T22:53:13 IST" name="enterUsernameAndPassword" data-provider="readData" finished-at="2023-10-08T22:53:13 IST" duration-ms="714" status="PASS">
          <params>
            <param index="0">
              <value>
                <![CDATA[standard_user]]>
              </value>
            </param>
            <param index="1">
              <value>
                <![CDATA[secret_sauce]]>
              </value>
            </param>
          </params>
          <reporter-output>
          </reporter-output>
        </test-method> <!-- enterUsernameAndPassword -->
        <test-method signature="enterUsernameAndPassword(java.lang.String,java.lang.String)[pri:0, instance:com.qa.TestScripts.TC_LoginPage@5656be13]" started-at="2023-10-08T22:53:13 IST" name="enterUsernameAndPassword" data-provider="readData" finished-at="2023-10-08T22:53:14 IST" duration-ms="532" status="PASS">
          <params>
            <param index="0">
              <value>
                <![CDATA[locked_out_user]]>
              </value>
            </param>
            <param index="1">
              <value>
                <![CDATA[secret_sauce]]>
              </value>
            </param>
          </params>
          <reporter-output>
          </reporter-output>
        </test-method> <!-- enterUsernameAndPassword -->
        <test-method signature="enterUsernameAndPassword(java.lang.String,java.lang.String)[pri:0, instance:com.qa.TestScripts.TC_LoginPage@5656be13]" started-at="2023-10-08T22:53:14 IST" name="enterUsernameAndPassword" data-provider="readData" finished-at="2023-10-08T22:53:14 IST" duration-ms="231" status="PASS">
          <params>
            <param index="0">
              <value>
                <![CDATA[problem_user]]>
              </value>
            </param>
            <param index="1">
              <value>
                <![CDATA[secret_sauce]]>
              </value>
            </param>
          </params>
          <reporter-output>
          </reporter-output>
        </test-method> <!-- enterUsernameAndPassword -->
        <test-method signature="enterUsernameAndPassword(java.lang.String,java.lang.String)[pri:0, instance:com.qa.TestScripts.TC_LoginPage@5656be13]" started-at="2023-10-08T22:53:14 IST" name="enterUsernameAndPassword" data-provider="readData" finished-at="2023-10-08T22:53:14 IST" duration-ms="245" status="PASS">
          <params>
            <param index="0">
              <value>
                <![CDATA[performance_glitch_user]]>
              </value>
            </param>
            <param index="1">
              <value>
                <![CDATA[secret_sauce]]>
              </value>
            </param>
          </params>
          <reporter-output>
          </reporter-output>
        </test-method> <!-- enterUsernameAndPassword -->
        <test-method signature="enterUsernameAndPassword(java.lang.String,java.lang.String)[pri:0, instance:com.qa.TestScripts.TC_LoginPage@5656be13]" started-at="2023-10-08T22:53:14 IST" name="enterUsernameAndPassword" data-provider="readData" finished-at="2023-10-08T22:53:15 IST" duration-ms="244" status="PASS">
          <params>
            <param index="0">
              <value>
                <![CDATA[Standard_user_Invalid]]>
              </value>
            </param>
            <param index="1">
              <value>
                <![CDATA[sauce_invalid]]>
              </value>
            </param>
          </params>
          <reporter-output>
          </reporter-output>
        </test-method> <!-- enterUsernameAndPassword -->
        <test-method signature="verifyTitle()[pri:2, instance:com.qa.TestScripts.TC_LoginPage@5656be13]" started-at="2023-10-08T22:53:15 IST" name="verifyTitle" finished-at="2023-10-08T22:53:15 IST" duration-ms="14" status="PASS">
          <reporter-output>
          </reporter-output>
        </test-method> <!-- verifyTitle -->
        <test-method signature="verifyErrorMessage()[pri:3, instance:com.qa.TestScripts.TC_LoginPage@5656be13]" started-at="2023-10-08T22:53:15 IST" name="verifyErrorMessage" finished-at="2023-10-08T22:53:15 IST" duration-ms="28" status="PASS">
          <reporter-output>
          </reporter-output>
        </test-method> <!-- verifyErrorMessage -->
      </class> <!-- com.qa.TestScripts.TC_LoginPage -->
      <class name="com.qa.TestScripts.BaseClass">
        <test-method is-config="true" signature="iAmonLoginPage()[pri:0, instance:com.qa.TestScripts.BaseClass@799f10e1]" started-at="2023-10-08T22:53:08 IST" name="iAmonLoginPage" finished-at="2023-10-08T22:53:12 IST" duration-ms="3835" status="PASS">
          <reporter-output>
          </reporter-output>
        </test-method> <!-- iAmonLoginPage -->
        <test-method is-config="true" signature="tearDown()[pri:0, instance:com.qa.TestScripts.BaseClass@799f10e1]" started-at="2023-10-08T22:53:15 IST" name="tearDown" finished-at="2023-10-08T22:53:15 IST" duration-ms="270" status="PASS">
          <reporter-output>
          </reporter-output>
        </test-method> <!-- tearDown -->
      </class> <!-- com.qa.TestScripts.BaseClass -->
    </test> <!-- Test -->
  </suite> <!-- Suite -->
</testng-results>
